<?xml version="1.0" encoding="UTF-8"?>
<testng-results ignored="0" total="1" passed="1" failed="0" skipped="0">
  <reporter-output>
  </reporter-output>
  <suite started-at="2021-09-27T22:20:21 IST" name="Default suite" finished-at="2021-09-27T22:21:45 IST" duration-ms="83749">
    <groups>
    </groups>
    <test started-at="2021-09-27T22:20:21 IST" name="Default test" finished-at="2021-09-27T22:21:45 IST" duration-ms="83749">
      <class name="Test_case.TC_Cristal_001">
        <test-method is-config="true" signature="setup()[pri:0, instance:Test_case.TC_Cristal_001@932bc4a]" started-at="2021-09-27T22:20:21 IST" name="setup" finished-at="2021-09-27T22:20:38 IST" duration-ms="16603" status="PASS">
          <reporter-output>
          </reporter-output>
        </test-method> <!-- setup -->
        <test-method signature="starting()[pri:0, instance:Test_case.TC_Cristal_001@932bc4a]" started-at="2021-09-27T22:20:38 IST" name="starting" finished-at="2021-09-27T22:21:45 IST" duration-ms="67016" status="PASS">
          <reporter-output>
          </reporter-output>
        </test-method> <!-- starting -->
      </class> <!-- Test_case.TC_Cristal_001 -->
    </test> <!-- Default test -->
  </suite> <!-- Default suite -->
</testng-results>
