<?xml version="1.0" encoding="UTF-8"?>
<testng-results ignored="0" total="1" passed="1" failed="0" skipped="0">
  <reporter-output>
  </reporter-output>
  <suite started-at="2021-07-17T00:24:53 IST" name="Suite" finished-at="2021-07-17T00:24:55 IST" duration-ms="1623">
    <groups>
    </groups>
    <test started-at="2021-07-17T00:24:53 IST" name="Test" finished-at="2021-07-17T00:24:55 IST" duration-ms="1623">
      <class name="ActiTime.TestNGDependrnce">
        <test-method signature="loginPage()[pri:0, instance:ActiTime.TestNGDependrnce@6574a52c]" started-at="2021-07-17T00:24:53 IST" name="loginPage" finished-at="2021-07-17T00:24:55 IST" duration-ms="1530" status="PASS">
          <reporter-output>
          </reporter-output>
        </test-method> <!-- loginPage -->
      </class> <!-- ActiTime.TestNGDependrnce -->
    </test> <!-- Test -->
  </suite> <!-- Suite -->
</testng-results>
