<?xml version="1.0" encoding="UTF-8"?>
<!-- Generated by org.testng.reporters.JUnitXMLReporter -->
<testsuite ignored="0" hostname="sidharth" failures="0" tests="3" name="Default test" time="32.895" errors="0" timestamp="2021-06-30T22:35:42 IST">
  <testcase classname="acctitimepakage.PraticsClass" name="m1" time="24.047"/>
  <testcase classname="acctitimepakage.PraticsClass" name="m2" time="8.6"/>
  <testcase classname="acctitimepakage.PraticsClass" name="m3" time="0.008"/>
</testsuite> <!-- Default test -->
