<?xml version="1.0" encoding="UTF-8"?>
<!-- Generated by org.testng.reporters.JUnitXMLReporter -->
<testsuite ignored="0" hostname="sidharth" failures="0" tests="1" name="actitime" time="0.176" errors="0" timestamp="2021-07-22T00:40:08 IST">
  <testcase classname="AmazoneShoping.testcases.AmazoneBaseClass" name="@BeforeMethod enterurl" time="0.015">
    <failure type="java.lang.NullPointerException" message="Cannot invoke &amp;quot;org.openqa.selenium.WebDriver.manage()&amp;quot; because &amp;quot;AmazoneShoping.testcases.AmazoneBaseClass.driver&amp;quot; is null">
      <![CDATA[java.lang.NullPointerException: Cannot invoke "org.openqa.selenium.WebDriver.manage()" because "AmazoneShoping.testcases.AmazoneBaseClass.driver" is null
at AmazoneShoping.testcases.AmazoneBaseClass.enterurl(AmazoneBaseClass.java:44)
at java.base/java.util.ArrayList.forEach(ArrayList.java:1511)
... Removed 31 stack frames]]>
    </failure>
  </testcase> <!-- @BeforeMethod enterurl -->
  <testcase classname="AmazoneShoping.testcases.AmazoneBaseClass" name="@AfterMethod teardown" time="-1.62689460834E9">
    <skipped/>
  </testcase> <!-- @AfterMethod teardown -->
  <testcase classname="AmazoneShoping.testcases.AmzoneTestcase" name="Homelogin" time="0.0">
    <skipped/>
  </testcase> <!-- Homelogin -->
</testsuite> <!-- actitime -->
