<?xml version="1.0" encoding="UTF-8"?>
<!-- Generated by org.testng.reporters.JUnitXMLReporter -->
<testsuite ignored="0" hostname="sidharth" failures="1" tests="1" name="test" time="0.197" errors="0" timestamp="2021-07-22T12:53:26 IST">
  <testcase classname="AmazoneShoping.testcases.AmzoneTestcase" name="Homelogin" time="0.029">
    <failure type="java.lang.NullPointerException" message="Cannot invoke &amp;quot;org.openqa.selenium.WebDriver.get(String)&amp;quot; because &amp;quot;AmazoneShoping.testcases.AmzoneTestcase.driver&amp;quot; is null">
      <![CDATA[java.lang.NullPointerException: Cannot invoke "org.openqa.selenium.WebDriver.get(String)" because "AmazoneShoping.testcases.AmzoneTestcase.driver" is null
at AmazoneShoping.testcases.AmzoneTestcase.Homelogin(AmzoneTestcase.java:10)
at java.base/java.util.ArrayList.forEach(ArrayList.java:1511)
... Removed 27 stack frames]]>
    </failure>
  </testcase> <!-- Homelogin -->
</testsuite> <!-- test -->
