<?xml version="1.0" encoding="UTF-8"?>
<testng-results ignored="0" total="3" passed="3" failed="0" skipped="0">
  <reporter-output>
  </reporter-output>
  <suite started-at="2021-06-30T22:35:09 IST" name="Default suite" finished-at="2021-06-30T22:35:41 IST" duration-ms="32895">
    <groups>
    </groups>
    <test started-at="2021-06-30T22:35:09 IST" name="Default test" finished-at="2021-06-30T22:35:41 IST" duration-ms="32895">
      <class name="acctitimepakage.PraticsClass">
        <test-method signature="m1()[pri:1, instance:acctitimepakage.PraticsClass@25641d39]" started-at="2021-06-30T22:35:09 IST" name="m1" finished-at="2021-06-30T22:35:33 IST" duration-ms="24047" status="PASS">
          <reporter-output>
          </reporter-output>
        </test-method> <!-- m1 -->
        <test-method signature="m2()[pri:2, instance:acctitimepakage.PraticsClass@25641d39]" started-at="2021-06-30T22:35:33 IST" name="m2" finished-at="2021-06-30T22:35:41 IST" duration-ms="8600" status="PASS">
          <reporter-output>
          </reporter-output>
        </test-method> <!-- m2 -->
        <test-method signature="m3()[pri:3, instance:acctitimepakage.PraticsClass@25641d39]" started-at="2021-06-30T22:35:41 IST" name="m3" finished-at="2021-06-30T22:35:41 IST" duration-ms="8" status="PASS">
          <reporter-output>
          </reporter-output>
        </test-method> <!-- m3 -->
      </class> <!-- acctitimepakage.PraticsClass -->
    </test> <!-- Default test -->
  </suite> <!-- Default suite -->
</testng-results>
